[Fri Jun 19 12:15:14 UTC 2026] ⚠️ Daemon not running, restarting...
[Fri Jun 19 12:15:14 UTC 2026] ✅ Restarted 24/7 daemon (PID: 203317)
[Fri Jun 19 13:15:16 UTC 2026] ⚠️ Daemon not running, restarting...
[Fri Jun 19 13:15:16 UTC 2026] ✅ Restarted 24/7 daemon (PID: 204145)
[Fri Jun 19 14:15:18 UTC 2026] ⚠️ Daemon not running, restarting...
[Fri Jun 19 14:15:18 UTC 2026] ✅ Restarted 24/7 daemon (PID: 207254)
[Fri Jun 19 15:15:21 UTC 2026] ⚠️ Daemon not running, restarting...
[Fri Jun 19 15:15:21 UTC 2026] ✅ Restarted 24/7 daemon (PID: 210505)
[Fri Jun 19 16:16:20 UTC 2026] ⚠️ Daemon not running, restarting...
[Fri Jun 19 16:16:20 UTC 2026] ✅ Restarted 24/7 daemon (PID: 212366)
[Fri Jun 19 18:18:08 UTC 2026] ⚠️ Daemon not running, restarting...
[Fri Jun 19 18:18:08 UTC 2026] ✅ Restarted 24/7 daemon (PID: 216891)
[Fri Jun 19 19:18:56 UTC 2026] ⚠️ Daemon not running, restarting...
[Fri Jun 19 19:18:56 UTC 2026] ✅ Restarted 24/7 daemon (PID: 218184)
[Fri Jun 19 20:19:34 UTC 2026] ⚠️ Daemon not running, restarting...
[Fri Jun 19 20:19:34 UTC 2026] ✅ Restarted 24/7 daemon (PID: 219199)
[Fri Jun 19 22:22:23 UTC 2026] ⚠️ Daemon not running, restarting...
[Fri Jun 19 22:22:23 UTC 2026] ✅ Restarted 24/7 daemon (PID: 227304)
[Fri Jun 19 23:22:33 UTC 2026] ⚠️ Daemon not running, restarting...
[Fri Jun 19 23:22:33 UTC 2026] ✅ Restarted 24/7 daemon (PID: 229299)
[Sat Jun 20 00:23:01 UTC 2026] ⚠️ Daemon not running, restarting...
[Sat Jun 20 00:23:01 UTC 2026] ✅ Restarted 24/7 daemon (PID: 236383)
[Sat Jun 20 01:23:13 UTC 2026] ⚠️ Daemon not running, restarting...
[Sat Jun 20 01:23:13 UTC 2026] ✅ Restarted 24/7 daemon (PID: 237976)
[Sat Jun 20 02:24:07 UTC 2026] ⚠️ Daemon not running, restarting...
[Sat Jun 20 02:24:08 UTC 2026] ✅ Restarted 24/7 daemon (PID: 238897)
[Sat Jun 20 03:24:33 UTC 2026] ⚠️ Daemon not running, restarting...
[Sat Jun 20 03:24:33 UTC 2026] ✅ Restarted 24/7 daemon (PID: 242079)
[Sat Jun 20 04:24:43 UTC 2026] ⚠️ Daemon not running, restarting...
[Sat Jun 20 04:24:43 UTC 2026] ✅ Restarted 24/7 daemon (PID: 243908)
[Sat Jun 20 05:25:41 UTC 2026] ⚠️ Daemon not running, restarting...
[Sat Jun 20 05:25:41 UTC 2026] ✅ Restarted 24/7 daemon (PID: 250802)
[Sat Jun 20 06:26:14 UTC 2026] ⚠️ Daemon not running, restarting...
[Sat Jun 20 06:26:14 UTC 2026] ✅ Restarted 24/7 daemon (PID: 255017)
[Sat Jun 20 07:26:49 UTC 2026] ⚠️ Daemon not running, restarting...
[Sat Jun 20 07:26:49 UTC 2026] ✅ Restarted 24/7 daemon (PID: 261043)
[Sat Jun 20 08:27:16 UTC 2026] ⚠️ Daemon not running, restarting...
[Sat Jun 20 08:27:16 UTC 2026] ✅ Restarted 24/7 daemon (PID: 265415)
[Sat Jun 20 11:24:52 UTC 2026] ⚠️ Daemon not running, restarting...
[Sat Jun 20 11:24:52 UTC 2026] ✅ Restarted 24/7 daemon (PID: 271472)
[Sat Jun 20 12:25:07 UTC 2026] ⚠️ Daemon not running, restarting...
[Sat Jun 20 12:25:07 UTC 2026] ✅ Restarted 24/7 daemon (PID: 272349)
[Sat Jun 20 13:25:58 UTC 2026] ⚠️ Daemon not running, restarting...
[Sat Jun 20 13:25:58 UTC 2026] ✅ Restarted 24/7 daemon (PID: 273091)
[Sat Jun 20 15:27:08 UTC 2026] ⚠️ Daemon not running, restarting...
[Sat Jun 20 15:27:08 UTC 2026] ✅ Restarted 24/7 daemon (PID: 282267)
[Sat Jun 20 16:27:11 UTC 2026] ⚠️ Daemon not running, restarting...
[Sat Jun 20 16:27:12 UTC 2026] ✅ Restarted 24/7 daemon (PID: 285876)
[Sat Jun 20 17:27:34 UTC 2026] ⚠️ Daemon not running, restarting...
[Sat Jun 20 17:27:34 UTC 2026] ✅ Restarted 24/7 daemon (PID: 291039)
[Sat Jun 20 18:27:55 UTC 2026] ⚠️ Daemon not running, restarting...
[Sat Jun 20 18:27:55 UTC 2026] ✅ Restarted 24/7 daemon (PID: 291918)
[Sat Jun 20 20:29:58 UTC 2026] ⚠️ Daemon not running, restarting...
[Sat Jun 20 20:29:58 UTC 2026] ✅ Restarted 24/7 daemon (PID: 300692)
[Sat Jun 20 21:30:12 UTC 2026] ⚠️ Daemon not running, restarting...
[Sat Jun 20 21:30:12 UTC 2026] ✅ Restarted 24/7 daemon (PID: 303804)
[Sat Jun 20 22:30:22 UTC 2026] ⚠️ Daemon not running, restarting...
[Sat Jun 20 22:30:23 UTC 2026] ✅ Restarted 24/7 daemon (PID: 307566)
[Sat Jun 20 23:30:51 UTC 2026] ⚠️ Daemon not running, restarting...
[Sat Jun 20 23:30:51 UTC 2026] ✅ Restarted 24/7 daemon (PID: 309227)
[Sun Jun 21 00:31:24 UTC 2026] ⚠️ Daemon not running, restarting...
[Sun Jun 21 00:31:24 UTC 2026] ✅ Restarted 24/7 daemon (PID: 311362)
[Sun Jun 21 01:32:23 UTC 2026] ⚠️ Daemon not running, restarting...
[Sun Jun 21 01:32:23 UTC 2026] ✅ Restarted 24/7 daemon (PID: 313983)
[Sun Jun 21 02:32:35 UTC 2026] ⚠️ Daemon not running, restarting...
[Sun Jun 21 02:32:35 UTC 2026] ✅ Restarted 24/7 daemon (PID: 320976)
[Sun Jun 21 03:32:49 UTC 2026] ⚠️ Daemon not running, restarting...
[Sun Jun 21 03:32:49 UTC 2026] ✅ Restarted 24/7 daemon (PID: 322724)
[Sun Jun 21 04:33:20 UTC 2026] ⚠️ Daemon not running, restarting...
[Sun Jun 21 04:33:20 UTC 2026] ✅ Restarted 24/7 daemon (PID: 329601)
[Sun Jun 21 05:39:17 UTC 2026] ⚠️ Daemon not running, restarting...
[Sun Jun 21 05:39:17 UTC 2026] ✅ Restarted 24/7 daemon (PID: 333370)
[Sun Jun 21 06:40:13 UTC 2026] ⚠️ Daemon not running, restarting...
[Sun Jun 21 06:40:13 UTC 2026] ✅ Restarted 24/7 daemon (PID: 335945)
