┌──────────────────────────────────────────────────┐
│ 🚀 ROCKET BOT v6
│   Mode: 📱 Mobile
│   Visits: 3
│   Proxy: DIRECT
│   Viewport: 375x812
└──────────────────────────────────────────────────┘


  📄 Visit 1/3
    🖱️ Popup Ad Click [section] # @(242,873) z=0 score=15
    🖱️ Ad Click #2: div @(242,69)
    🖱️ New Tab Click: techcrunch.com
    🖱️ New Tab Click: www.wired.com
    🖱️ Slot Click: monetag-slot-1
    🖱️ Slot Click: monetag-slot-2
    🖱️ Slot Click: monetag-slot-3
    🖱️ Slot Click: monetag-slot-4
    🖱️ Slot Click: monetag-slot-5
    ⏳ Waiting 3.3s until next visit...
┌──────────────────────────────────────────────────┐
│ 🚀 ROCKET BOT v6
│   Mode: 📱 Mobile
│   Visits: 3
│   Proxy: DIRECT
│   Viewport: 414x896
└──────────────────────────────────────────────────┘


  📄 Visit 1/3
    🖱️ Area Click: Top Area
    ❌ Visit error: HTTPConnectionPool(host='localhost', port=43457): Max retries exceeded with url:
    ❌ Visit failed (proxy_err: False)
    🔄 Retrying visit 1...
    🖱️ Popup Ad Click [div] # @(242,898) z=1 score=25
    🖱️ Ad Click #2: div @(242,69)
    🖱️ New Tab Click: www.wired.com
    🖱️ New Tab Click: arstechnica.com
    🖱️ Slot Click: monetag-slot-1
    🖱️ Slot Click: monetag-slot-2
    🖱️ Slot Click: monetag-slot-3
    🖱️ Slot Click: monetag-slot-4
    🖱️ Slot Click: monetag-slot-5
    ⏳ Waiting 4.0s until next visit...

  📄 Visit 2/3
    🖱️ Popup Ad Click [section] # @(242,873) z=0 score=15
    🖱️ Ad Click #2: div @(242,69)
    🖱️ New Tab Click: techcrunch.com
    🖱️ New Tab Click: www.wired.com
    🖱️ Slot Click: monetag-slot-1
    🖱️ Slot Click: monetag-slot-2
    🖱️ Slot Click: monetag-slot-3
    🖱️ Slot Click: monetag-slot-4
    🖱️ Slot Click: monetag-slot-5
    ⏳ Waiting 2.7s until next visit...

  📄 Visit 3/3
┌──────────────────────────────────────────────────┐
│ 🚀 ROCKET BOT v6
│   Mode: 📱 Mobile
│   Visits: 3
│   Proxy: DIRECT
│   Viewport: 375x812
└──────────────────────────────────────────────────┘


  📄 Visit 1/3
    🖱️ Popup Ad Click [section] # @(242,873) z=0 score=15
    🖱️ Ad Click #2: div @(242,69)
    🖱️ New Tab Click: www.wired.com
    🖱️ New Tab Click: techcrunch.com
    🖱️ Slot Click: monetag-slot-1
    🖱️ Slot Click: monetag-slot-2
    🖱️ Slot Click: monetag-slot-3
    🖱️ Slot Click: monetag-slot-4
    🖱️ Slot Click: monetag-slot-5
    ⏳ Waiting 2.9s until next visit...

  📄 Visit 2/3
    🖱️ Popup Ad Click [div] # @(242,898) z=1 score=25
    🖱️ Ad Click #2: div @(242,69)
    🖱️ New Tab Click: github.com
    🖱️ New Tab Click: arstechnica.com
    🖱️ Slot Click: monetag-slot-1
    🖱️ Slot Click: monetag-slot-2
    🖱️ Slot Click: monetag-slot-3
    🖱️ Slot Click: monetag-slot-4
    🖱️ Slot Click: monetag-slot-5
    ⏳ Waiting 2.5s until next visit...

  📄 Visit 3/3
    🖱️ Popup Ad Click [div] # @(242,898) z=1 score=25
    🖱️ Ad Click #2: div @(242,69)
┌──────────────────────────────────────────────────┐
│ 🚀 ROCKET BOT v6
│   Mode: 📱 Mobile
│   Visits: 3
│   Proxy: DIRECT
│   Viewport: 412x915
└──────────────────────────────────────────────────┘


  📄 Visit 1/3
    🖱️ Popup Ad Click [section] # @(242,873) z=0 score=15
    🖱️ Ad Click #2: div @(242,69)
    🖱️ New Tab Click: arstechnica.com
    🖱️ New Tab Click: techcrunch.com
    🖱️ Slot Click: monetag-slot-1
    🖱️ Slot Click: monetag-slot-2
    🖱️ Slot Click: monetag-slot-3
    🖱️ Slot Click: monetag-slot-4
    🖱️ Slot Click: monetag-slot-5
    ⏳ Waiting 3.3s until next visit...

  📄 Visit 2/3
    🖱️ Popup Ad Click [section] # @(242,873) z=0 score=15
    🖱️ Ad Click #2: div @(242,69)
    🖱️ New Tab Click: www.wired.com
    🖱️ New Tab Click: github.com
    🖱️ Slot Click: monetag-slot-1
    🖱️ Slot Click: monetag-slot-2
    🖱️ Slot Click: monetag-slot-3
    🖱️ Slot Click: monetag-slot-4
    🖱️ Slot Click: monetag-slot-5
    ⏳ Waiting 2.0s until next visit...

  📄 Visit 3/3
    🖱️ Popup Ad Click [section] # @(242,873) z=0 score=15
    🖱️ Ad Click #2: div @(242,69)
    🖱️ New Tab Click: www.wired.com
    🖱️ New Tab Click: arstechnica.com
    🖱️ Slot Click: monetag-slot-1
    🖱️ Slot Click: monetag-slot-2
    🖱️ Slot Click: monetag-slot-3
    🖱️ Slot Click: monetag-slot-4
    🖱️ Slot Click: monetag-slot-5

  ════════════════════════════════════════
  🧬 Score: 10/10
  🖥️  Visits: 3 | Clicks: 12 | ⏱️ 86.5s
  ════════════════════════════════════════

  ✅ Done
┌──────────────────────────────────────────────────┐
│ 🚀 ROCKET BOT v6
│   Mode: 📱 Mobile
│   Visits: 3
│   Proxy: DIRECT
│   Viewport: 414x896
└──────────────────────────────────────────────────┘


  📄 Visit 1/3
    🖱️ Popup Ad Click [section] # @(242,873) z=0 score=15
    🖱️ Ad Click #2: div @(242,69)
    🖱️ New Tab Click: arstechnica.com
    🖱️ New Tab Click: www.wired.com
    🖱️ Slot Click: monetag-slot-1
    🖱️ Slot Click: monetag-slot-2
    🖱️ Slot Click: monetag-slot-3
    🖱️ Slot Click: monetag-slot-4
    🖱️ Slot Click: monetag-slot-5
    ⏳ Waiting 2.6s until next visit...

  📄 Visit 2/3
    🖱️ Popup Ad Click [section] # @(242,873) z=0 score=15
    🖱️ Ad Click #2: div @(242,69)
    🖱️ New Tab Click: github.com
    🖱️ New Tab Click: techcrunch.com
    🖱️ Slot Click: monetag-slot-1
    🖱️ Slot Click: monetag-slot-2
    🖱️ Slot Click: monetag-slot-3
    🖱️ Slot Click: monetag-slot-4
    🖱️ Slot Click: monetag-slot-5
    ⏳ Waiting 2.6s until next visit...

  📄 Visit 3/3
    🖱️ Popup Ad Click [section] # @(242,873) z=0 score=15
    🖱️ Ad Click #2: div @(242,69)
    🖱️ New Tab Click: techcrunch.com
    🖱️ New Tab Click: www.wired.com
    🖱️ Slot Click: monetag-slot-1
    🖱️ Slot Click: monetag-slot-2
    🖱️ Slot Click: monetag-slot-3
    🖱️ Slot Click: monetag-slot-4
    🖱️ Slot Click: monetag-slot-5

  ════════════════════════════════════════
  🧬 Score: 10/10
  🖥️  Visits: 3 | Clicks: 12 | ⏱️ 85.6s
  ════════════════════════════════════════

  ✅ Done
